<?xml version="1.0" encoding="UTF-8"?>
<testsuite xmlns:xsi="http://www.w3.org/2001/XMLSchema-instance" xsi:noNamespaceSchemaLocation="https://maven.apache.org/surefire/maven-surefire-plugin/xsd/surefire-test-report-3.0.xsd" version="3.0" name="com.testJnunit.com.testJnunit5.PersonaTest" time="0.129" tests="7" errors="3" skipped="0" failures="0">
  <properties>
    <property name="java.specification.version" value="19"/>
    <property name="sun.cpu.isalist" value="amd64"/>
    <property name="sun.jnu.encoding" value="Cp1252"/>
    <property name="java.class.path" value="C:\Users\Francisco Cabrera\Desktop\Proyectos_java\com.testJnunit5\target\test-classes;C:\Users\Francisco Cabrera\Desktop\Proyectos_java\com.testJnunit5\target\classes;C:\Users\Francisco Cabrera\.m2\repository\org\junit\jupiter\junit-jupiter\5.8.2\junit-jupiter-5.8.2.jar;C:\Users\Francisco Cabrera\.m2\repository\org\junit\jupiter\junit-jupiter-api\5.8.2\junit-jupiter-api-5.8.2.jar;C:\Users\Francisco Cabrera\.m2\repository\org\opentest4j\opentest4j\1.2.0\opentest4j-1.2.0.jar;C:\Users\Francisco Cabrera\.m2\repository\org\junit\platform\junit-platform-commons\1.8.2\junit-platform-commons-1.8.2.jar;C:\Users\Francisco Cabrera\.m2\repository\org\apiguardian\apiguardian-api\1.1.2\apiguardian-api-1.1.2.jar;C:\Users\Francisco Cabrera\.m2\repository\org\junit\jupiter\junit-jupiter-params\5.8.2\junit-jupiter-params-5.8.2.jar;C:\Users\Francisco Cabrera\.m2\repository\org\junit\jupiter\junit-jupiter-engine\5.8.2\junit-jupiter-engine-5.8.2.jar;C:\Users\Francisco Cabrera\.m2\repository\org\junit\platform\junit-platform-engine\1.8.2\junit-platform-engine-1.8.2.jar;"/>
    <property name="java.vm.vendor" value="Oracle Corporation"/>
    <property name="sun.arch.data.model" value="64"/>
    <property name="user.variant" value=""/>
    <property name="java.vendor.url" value="https://java.oracle.com/"/>
    <property name="user.timezone" value="Europe/Madrid"/>
    <property name="os.name" value="Windows 10"/>
    <property name="java.vm.specification.version" value="19"/>
    <property name="sun.java.launcher" value="SUN_STANDARD"/>
    <property name="user.country" value="ES"/>
    <property name="sun.boot.library.path" value="C:\Program Files\Java\jdk-19\bin"/>
    <property name="sun.java.command" value="C:\Users\Francisco Cabrera\AppData\Local\Temp\surefire13739474962908846195\surefirebooter16930084992765776819.jar C:\Users\Francisco Cabrera\AppData\Local\Temp\surefire13739474962908846195 2023-01-24T23-30-19_016-jvmRun1 surefire9638175761024035049tmp surefire_06277400013477712137tmp"/>
    <property name="jdk.debug" value="release"/>
    <property name="surefire.test.class.path" value="C:\Users\Francisco Cabrera\Desktop\Proyectos_java\com.testJnunit5\target\test-classes;C:\Users\Francisco Cabrera\Desktop\Proyectos_java\com.testJnunit5\target\classes;C:\Users\Francisco Cabrera\.m2\repository\org\junit\jupiter\junit-jupiter\5.8.2\junit-jupiter-5.8.2.jar;C:\Users\Francisco Cabrera\.m2\repository\org\junit\jupiter\junit-jupiter-api\5.8.2\junit-jupiter-api-5.8.2.jar;C:\Users\Francisco Cabrera\.m2\repository\org\opentest4j\opentest4j\1.2.0\opentest4j-1.2.0.jar;C:\Users\Francisco Cabrera\.m2\repository\org\junit\platform\junit-platform-commons\1.8.2\junit-platform-commons-1.8.2.jar;C:\Users\Francisco Cabrera\.m2\repository\org\apiguardian\apiguardian-api\1.1.2\apiguardian-api-1.1.2.jar;C:\Users\Francisco Cabrera\.m2\repository\org\junit\jupiter\junit-jupiter-params\5.8.2\junit-jupiter-params-5.8.2.jar;C:\Users\Francisco Cabrera\.m2\repository\org\junit\jupiter\junit-jupiter-engine\5.8.2\junit-jupiter-engine-5.8.2.jar;C:\Users\Francisco Cabrera\.m2\repository\org\junit\platform\junit-platform-engine\1.8.2\junit-platform-engine-1.8.2.jar;"/>
    <property name="sun.cpu.endian" value="little"/>
    <property name="user.home" value="C:\Users\Francisco Cabrera"/>
    <property name="user.language" value="es"/>
    <property name="java.specification.vendor" value="Oracle Corporation"/>
    <property name="java.version.date" value="2022-09-20"/>
    <property name="java.home" value="C:\Program Files\Java\jdk-19"/>
    <property name="file.separator" value="\"/>
    <property name="basedir" value="C:\Users\Francisco Cabrera\Desktop\Proyectos_java\com.testJnunit5"/>
    <property name="java.vm.compressedOopsMode" value="32-bit"/>
    <property name="line.separator" value="&#10;"/>
    <property name="java.vm.specification.vendor" value="Oracle Corporation"/>
    <property name="java.specification.name" value="Java Platform API Specification"/>
    <property name="surefire.real.class.path" value="C:\Users\Francisco Cabrera\AppData\Local\Temp\surefire13739474962908846195\surefirebooter16930084992765776819.jar"/>
    <property name="user.script" value=""/>
    <property name="sun.management.compiler" value="HotSpot 64-Bit Tiered Compilers"/>
    <property name="java.runtime.version" value="19+36-2238"/>
    <property name="user.name" value="Francisco Cabrera"/>
    <property name="stdout.encoding" value="Cp1252"/>
    <property name="path.separator" value=";"/>
    <property name="os.version" value="10.0"/>
    <property name="java.runtime.name" value="Java(TM) SE Runtime Environment"/>
    <property name="file.encoding" value="UTF-8"/>
    <property name="java.vm.name" value="Java HotSpot(TM) 64-Bit Server VM"/>
    <property name="localRepository" value="C:\Users\Francisco Cabrera\.m2\repository"/>
    <property name="java.vendor.url.bug" value="https://bugreport.java.com/bugreport/"/>
    <property name="java.io.tmpdir" value="C:\Users\FRANCI~1\AppData\Local\Temp\"/>
    <property name="java.version" value="19"/>
    <property name="user.dir" value="C:\Users\Francisco Cabrera\Desktop\Proyectos_java\com.testJnunit5"/>
    <property name="os.arch" value="amd64"/>
    <property name="java.vm.specification.name" value="Java Virtual Machine Specification"/>
    <property name="sun.os.patch.level" value=""/>
    <property name="native.encoding" value="Cp1252"/>
    <property name="java.library.path" value="C:\Program Files\Java\jdk-19\bin;C:\WINDOWS\Sun\Java\bin;C:\WINDOWS\system32;C:\WINDOWS;C:\Program Files\Common Files\Oracle\Java\javapath;C:\Program Files (x86)\Common Files\Oracle\Java\javapath;C:\ProgramData\Oracle\Java\javapath;C:\WINDOWS\system32;C:\WINDOWS;C:\WINDOWS\System32\Wbem;C:\WINDOWS\System32\WindowsPowerShell\v1.0\;C:\WINDOWS\System32\OpenSSH\;C:\Program Files\AutoFirma\AutoFirma;C:\Program Files (x86)\dotnet\;C:\Program Files\Java\jdk-19\bin;C:\Users\Francisco Cabrera\AppData\Local\Microsoft\WindowsApps;C:\Users\Francisco Cabrera\AppData\Local\GitHubDesktop\bin;C:\apache-maven-3.8.6\bin;;C:\Users\Francisco Cabrera\AppData\Local\Programs\Microsoft VS Code\bin;C:\Program Files\JetBrains\IntelliJ IDEA Community Edition 2022.3\bin;;."/>
    <property name="java.vm.info" value="mixed mode, sharing"/>
    <property name="stderr.encoding" value="Cp1252"/>
    <property name="java.vendor" value="Oracle Corporation"/>
    <property name="java.vm.version" value="19+36-2238"/>
    <property name="sun.io.unicode.encoding" value="UnicodeLittle"/>
    <property name="java.class.version" value="63.0"/>
  </properties>
  <testcase name="testIMC" classname="com.testJnunit.com.testJnunit5.PersonaTest" time="0.055"/>
  <testcase name="testEdad1" classname="com.testJnunit.com.testJnunit5.PersonaTest" time="0.021">
    <error message="org/junit/Assert" type="java.lang.NoClassDefFoundError">java.lang.NoClassDefFoundError: org/junit/Assert
	at com.testJnunit.com.testJnunit5.PersonaTest.testEdad1(PersonaTest.java:33)
Caused by: java.lang.ClassNotFoundException: org.junit.Assert
	at com.testJnunit.com.testJnunit5.PersonaTest.testEdad1(PersonaTest.java:33)
</error>
  </testcase>
  <testcase name="testEdad2" classname="com.testJnunit.com.testJnunit5.PersonaTest" time="0.006">
    <error message="org/junit/Assert" type="java.lang.NoClassDefFoundError">java.lang.NoClassDefFoundError: org/junit/Assert
	at com.testJnunit.com.testJnunit5.PersonaTest.testEdad2(PersonaTest.java:42)
Caused by: java.lang.ClassNotFoundException: org.junit.Assert
	at com.testJnunit.com.testJnunit5.PersonaTest.testEdad2(PersonaTest.java:42)
</error>
  </testcase>
  <testcase name="testEdad" classname="com.testJnunit.com.testJnunit5.PersonaTest" time="0.001">
    <error message="org/junit/Assert" type="java.lang.NoClassDefFoundError">java.lang.NoClassDefFoundError: org/junit/Assert
	at com.testJnunit.com.testJnunit5.PersonaTest.testEdad(PersonaTest.java:24)
Caused by: java.lang.ClassNotFoundException: org.junit.Assert
	at com.testJnunit.com.testJnunit5.PersonaTest.testEdad(PersonaTest.java:24)
</error>
  </testcase>
  <testcase name="testIMC2" classname="com.testJnunit.com.testJnunit5.PersonaTest" time="0.001"/>
  <testcase name="testIMC3" classname="com.testJnunit.com.testJnunit5.PersonaTest" time="0.001"/>
  <testcase name="testIMC4" classname="com.testJnunit.com.testJnunit5.PersonaTest" time="0.001"/>
</testsuite>