<?xml version="1.0" encoding="UTF-8"?>
<testsuite xmlns:xsi="http://www.w3.org/2001/XMLSchema-instance" xsi:noNamespaceSchemaLocation="https://maven.apache.org/surefire/maven-surefire-plugin/xsd/surefire-test-report-3.0.xsd" version="3.0" name="com.testJnunit.com.testJnunit5.PersonaTest" time="0.129" tests="7" errors="3" skipped="0" failures="0">
  <properties>
[...]
</properties>
  <testcase name="testIMC" classname="com.testJnunit.com.testJnunit5.PersonaTest" time="0.055"/>
  <testcase name="testEdad1" classname="com.testJnunit.com.testJnunit5.PersonaTest" time="0.021">
    <error message="org/junit/Assert" type="java.lang.NoClassDefFoundError">java.lang.NoClassDefFoundError: org/junit/Assert
	at com.testJnunit.com.testJnunit5.PersonaTest.testEdad1(PersonaTest.java:33)
Caused by: java.lang.ClassNotFoundException: org.junit.Assert
	at com.testJnunit.com.testJnunit5.PersonaTest.testEdad1(PersonaTest.java:33)
</error>
  </testcase>
  <testcase name="testEdad2" classname="com.testJnunit.com.testJnunit5.PersonaTest" time="0.006">
    <error message="org/junit/Assert" type="java.lang.NoClassDefFoundError">java.lang.NoClassDefFoundError: org/junit/Assert
	at com.testJnunit.com.testJnunit5.PersonaTest.testEdad2(PersonaTest.java:42)
Caused by: java.lang.ClassNotFoundException: org.junit.Assert
	at com.testJnunit.com.testJnunit5.PersonaTest.testEdad2(PersonaTest.java:42)
</error>
  </testcase>
  <testcase name="testEdad" classname="com.testJnunit.com.testJnunit5.PersonaTest" time="0.001">
    <error message="org/junit/Assert" type="java.lang.NoClassDefFoundError">java.lang.NoClassDefFoundError: org/junit/Assert
	at com.testJnunit.com.testJnunit5.PersonaTest.testEdad(PersonaTest.java:24)
Caused by: java.lang.ClassNotFoundException: org.junit.Assert
	at com.testJnunit.com.testJnunit5.PersonaTest.testEdad(PersonaTest.java:24)
</error>
  </testcase>
  <testcase name="testIMC2" classname="com.testJnunit.com.testJnunit5.PersonaTest" time="0.001"/>
  <testcase name="testIMC3" classname="com.testJnunit.com.testJnunit5.PersonaTest" time="0.001"/>
  <testcase name="testIMC4" classname="com.testJnunit.com.testJnunit5.PersonaTest" time="0.001"/>
</testsuite>